[2020-02-04 02:35:15,479] INFO org.github.dragos.vscode.Main$ - Starting server in /home/nasejevs/cool-game
[2020-02-04 02:35:15,479] INFO org.github.dragos.vscode.Main$ - Starting server in /home/nasejevs/cool-game
[2020-02-04 02:35:15,488] INFO org.github.dragos.vscode.Main$ - Classpath: /home/nasejevs/.vscode/extensions/dragos.scala-lsp-0.2.3/coursier
[2020-02-04 02:35:15,488] INFO org.github.dragos.vscode.Main$ - Classpath: /home/nasejevs/.vscode/extensions/dragos.scala-lsp-0.2.3/coursier
[2020-02-04 02:35:15,627] DEBUG langserver.core.MessageReader - Received headers:
Content-Length: 1177
[2020-02-04 02:35:15,627] DEBUG langserver.core.MessageReader - Received headers:
Content-Length: 1177
[2020-02-04 02:35:15,643] DEBUG langserver.core.Connection - Received {"jsonrpc":"2.0","id":0,"method":"initialize","params":{"processId":29646,"rootPath":"/home/nasejevs/cool-game","rootUri":"file:///home/nasejevs/cool-game","capabilities":{"workspace":{"applyEdit":true,"didChangeConfiguration":{"dynamicRegistration":false},"didChangeWatchedFiles":{"dynamicRegistration":false},"symbol":{"dynamicRegistration":true},"executeCommand":{"dynamicRegistration":true}},"textDocument":{"synchronization":{"dynamicRegistration":true,"willSave":true,"willSaveWaitUntil":true,"didSave":true},"completion":{"dynamicRegistration":true,"completionItem":{"snippetSupport":true}},"hover":{"dynamicRegistration":true},"signatureHelp":{"dynamicRegistration":true},"references":{"dynamicRegistration":true},"documentHighlight":{"dynamicRegistration":true},"documentSymbol":{"dynamicRegistration":true},"formatting":{"dynamicRegistration":true},"rangeFormatting":{"dynamicRegistration":true},"onTypeFormatting":{"dynamicRegistration":true},"definition":{"dynamicRegistration":true},"codeAction":{"dynamicRegistration":true},"codeLens":{"dynamicRegistration":true},"documentLink":{"dynamicRegistration":true},"rename":{"dynamicRegistration":true}}},"trace":"off"}}
[2020-02-04 02:35:15,643] DEBUG langserver.core.Connection - Received {"jsonrpc":"2.0","id":0,"method":"initialize","params":{"processId":29646,"rootPath":"/home/nasejevs/cool-game","rootUri":"file:///home/nasejevs/cool-game","capabilities":{"workspace":{"applyEdit":true,"didChangeConfiguration":{"dynamicRegistration":false},"didChangeWatchedFiles":{"dynamicRegistration":false},"symbol":{"dynamicRegistration":true},"executeCommand":{"dynamicRegistration":true}},"textDocument":{"synchronization":{"dynamicRegistration":true,"willSave":true,"willSaveWaitUntil":true,"didSave":true},"completion":{"dynamicRegistration":true,"completionItem":{"snippetSupport":true}},"hover":{"dynamicRegistration":true},"signatureHelp":{"dynamicRegistration":true},"references":{"dynamicRegistration":true},"documentHighlight":{"dynamicRegistration":true},"documentSymbol":{"dynamicRegistration":true},"formatting":{"dynamicRegistration":true},"rangeFormatting":{"dynamicRegistration":true},"onTypeFormatting":{"dynamicRegistration":true},"definition":{"dynamicRegistration":true},"codeAction":{"dynamicRegistration":true},"codeLens":{"dynamicRegistration":true},"documentLink":{"dynamicRegistration":true},"rename":{"dynamicRegistration":true}}},"trace":"off"}}
[2020-02-04 02:35:15,733] INFO langserver.core.MessageReader - End of stream, terminating thread
[2020-02-04 02:35:15,733] INFO langserver.core.MessageReader - End of stream, terminating thread
[2020-02-04 02:35:16,247] INFO org.github.dragos.vscode.EnsimeLanguageServer - Shutdown request
[2020-02-04 02:35:16,247] INFO org.github.dragos.vscode.EnsimeLanguageServer - Shutdown request
[2020-02-04 02:35:16,259] INFO org.github.dragos.vscode.EnsimeLanguageServer - Initialized with 29646, /home/nasejevs/cool-game, ClientCapabilities()
[2020-02-04 02:35:16,259] INFO org.github.dragos.vscode.EnsimeLanguageServer - Initialized with 29646, /home/nasejevs/cool-game, ClientCapabilities()
[2020-02-04 02:35:16,261] DEBUG org.github.dragos.vscode.EnsimeLanguageServer - ensime.config = "/home/nasejevs/cool-game/.ensime" 
[2020-02-04 02:35:16,261] DEBUG org.github.dragos.vscode.EnsimeLanguageServer - ensime.config = "/home/nasejevs/cool-game/.ensime" 
[2020-02-04 02:35:17,070] INFO akka.event.slf4j.Slf4jLogger - Slf4jLogger started
[2020-02-04 02:35:17,247] ERROR org.github.dragos.vscode.EnsimeLanguageServer - initializeEnsime Error: /home/nasejevs/cool-game/.ensime
[2020-02-04 02:35:17,247] ERROR org.github.dragos.vscode.EnsimeLanguageServer - initializeEnsime Error: /home/nasejevs/cool-game/.ensime
[2020-02-04 02:35:17,354] DEBUG langserver.core.MessageWriter - Content-Length: 146



{"jsonrpc":"2.0","method":"window/showMessage","params":{"tpe":1,"message":"No .ensime file in directory. Run `sbt ensimeConfig` to create one."}}
[2020-02-04 02:35:17,354] DEBUG langserver.core.MessageWriter - Content-Length: 146



{"jsonrpc":"2.0","method":"window/showMessage","params":{"tpe":1,"message":"No .ensime file in directory. Run `sbt ensimeConfig` to create one."}}
[2020-02-04 02:35:17,354] DEBUG langserver.core.MessageWriter - payload: {"jsonrpc":"2.0","method":"window/showMessage","params":{"tpe":1,"message":"No .ensime file in directory. Run `sbt ensimeConfig` to create one."}}
[2020-02-04 02:35:17,354] DEBUG langserver.core.MessageWriter - payload: {"jsonrpc":"2.0","method":"window/showMessage","params":{"tpe":1,"message":"No .ensime file in directory. Run `sbt ensimeConfig` to create one."}}
[2020-02-04 02:35:17,497] DEBUG langserver.core.MessageWriter - Content-Length: 441



{"jsonrpc":"2.0","result":{"capabilities":{"textDocumentSync":1,"hoverProvider":true,"completionProvider":{"resolveProvider":false,"triggerCharacters":["."]},"definitionProvider":true,"referencesProvider":false,"documentHighlightProvider":false,"documentSymbolProvider":true,"workspaceSymbolProvider":false,"codeActionProvider":false,"documentFormattingProvider":false,"documentRangeFormattingProvider":false,"renameProvider":false}},"id":0}
[2020-02-04 02:35:17,497] DEBUG langserver.core.MessageWriter - Content-Length: 441



{"jsonrpc":"2.0","result":{"capabilities":{"textDocumentSync":1,"hoverProvider":true,"completionProvider":{"resolveProvider":false,"triggerCharacters":["."]},"definitionProvider":true,"referencesProvider":false,"documentHighlightProvider":false,"documentSymbolProvider":true,"workspaceSymbolProvider":false,"codeActionProvider":false,"documentFormattingProvider":false,"documentRangeFormattingProvider":false,"renameProvider":false}},"id":0}
[2020-02-04 02:35:17,498] DEBUG langserver.core.MessageWriter - payload: {"jsonrpc":"2.0","result":{"capabilities":{"textDocumentSync":1,"hoverProvider":true,"completionProvider":{"resolveProvider":false,"triggerCharacters":["."]},"definitionProvider":true,"referencesProvider":false,"documentHighlightProvider":false,"documentSymbolProvider":true,"workspaceSymbolProvider":false,"codeActionProvider":false,"documentFormattingProvider":false,"documentRangeFormattingProvider":false,"renameProvider":false}},"id":0}
[2020-02-04 02:35:17,498] DEBUG langserver.core.MessageWriter - payload: {"jsonrpc":"2.0","result":{"capabilities":{"textDocumentSync":1,"hoverProvider":true,"completionProvider":{"resolveProvider":false,"triggerCharacters":["."]},"definitionProvider":true,"referencesProvider":false,"documentHighlightProvider":false,"documentSymbolProvider":true,"workspaceSymbolProvider":false,"codeActionProvider":false,"documentFormattingProvider":false,"documentRangeFormattingProvider":false,"renameProvider":false}},"id":0}
