INFO  started: Metals version 0.8.0 in workspace '/home/nasejevs/cool-game'
INFO  time: initialize in 0.54s
WARN  no build target for: /home/nasejevs/cool-game/src/scala/Main.scala
INFO  running '/tmp/metals5773857069249296298/gradlew --console=plain --init-script /tmp/metals5773857069249296298/init-script.gradle bloopInstall'
ERROR 
ERROR FAILURE: Build failed with an exception.
ERROR 
ERROR * Where:
ERROR Build file '/home/nasejevs/cool-game/build.gradle' line: 10
ERROR 
ERROR * What went wrong:
ERROR A problem occurred evaluating root project 'cool-game'.
ERROR > Could not find method scala() for arguments [build_4iz4me75ukgv10u443wup6aue$_run_closure2@28632e86] on root project 'cool-game' of type org.gradle.api.Project.
ERROR 
ERROR * Try:
ERROR Run with --stacktrace option to get the stack trace. Run with --info or --debug option to get more log output. Run with --scan to get full insights.
ERROR 
ERROR * Get more help at https://help.gradle.org
ERROR 
ERROR BUILD FAILED in 0s
INFO  build tool exit: 1
INFO  time: ran 'gradle bloopInstall' in 1.5s
ERROR Gradle command failed: /tmp/metals5773857069249296298/gradlew --console=plain --init-script /tmp/metals5773857069249296298/init-script.gradle bloopInstall
INFO  shutting down Metals
INFO  started: Metals version 0.8.0 in workspace '/home/nasejevs/cool-game'
INFO  time: initialize in 0.6s
INFO  skipping build import with status 'Failed'
WARN  no build target for: /home/nasejevs/cool-game/src/scala/Main.scala
INFO  shutting down Metals
INFO  started: Metals version 0.8.0 in workspace '/home/nasejevs/cool-game'
INFO  time: initialize in 0.72s
WARN  no build target for: /home/nasejevs/cool-game/src/scala/Main.scala
WARN  no build target for: /home/nasejevs/cool-game/src/scala/Texture.scala
INFO  running '/usr/lib/jvm/java-8-openjdk-amd64/jre/bin/java -Djline.terminal=jline.UnsupportedTerminal -Dsbt.log.noformat=true -Dfile.encoding=UTF-8 -jar /tmp/metals9079330079589025153/sbt-launch.jar set bloopExportJarClassifiers in Global := Some(Set("sources")) bloopInstall'
INFO  skipping build import with status 'Started'
INFO  no build target: using presentation compiler with only scala-library
INFO  [info] Loading settings for project cool-game-build from metals.sbt ...
INFO  [info] Loading project definition from /home/nasejevs/cool-game/project
INFO  [info] Set current project to cool-game (in build file:/home/nasejevs/cool-game/)
INFO  [info] Defining Global / bloopExportJarClassifiers
INFO  [info] The new value will be used by ThisBuild / bloopExportJarClassifiers
INFO  [info] Reapplying settings...
INFO  [info] Set current project to cool-game (in build file:/home/nasejevs/cool-game/)
INFO  [success] Generated .bloop/cool-game.json
INFO  [success] Generated .bloop/cool-game-test.json
INFO  [success] Total time: 1 s, completed Feb 4, 2020 2:45:05 AM
INFO  build tool exit: 0
INFO  time: ran 'sbt bloopInstall' in 23s
Starting the bsp launcher for bloop...
Opening a bsp server connection with 'bsp --protocol local --socket /tmp/bsp-launcher2994431656768075725/bsp.socket'...
Waiting for the bsp connection to come up...
Waiting for the bsp connection to come up...
Waiting for the bsp connection to come up...
Waiting for the bsp connection to come up...
Waiting for the bsp connection to come up...
No server running at 127.0.0.1:8212, let's fire one...
Resolving ch.epfl.scala:bloop-frontend_2.12:1.4.0-RC1...
Starting bloop server at 127.0.0.1:8212...
-> Command: List(java, -XX:MaxInlineLevel=20, -XX:+UseParallelGC, -classpath, /home/nasejevs/snap/code/common/.cache/coursier/v1/https/repo1.maven.org/maven2/org/scala-lang/scala-library/2.12.10/scala-library-2.12.10.jar:/home/nasejevs/snap/code/common/.cache/coursier/v1/https/repo1.maven.org/maven2/net/java/dev/jna/jna/4.5.2/jna-4.5.2.jar:/home/nasejevs/snap/code/common/.cache/coursier/v1/https/repo1.maven.org/maven2/net/java/dev/jna/jna-platform/4.5.0/jna-platform-4.5.0.jar:/home/nasejevs/snap/code/common/.cache/coursier/v1/https/repo1.maven.org/maven2/ch/epfl/scala/sockets/1.4.0-RC1/sockets-1.4.0-RC1.jar:/home/nasejevs/snap/code/common/.cache/coursier/v1/https/repo1.maven.org/maven2/io/circe/circe-numbers_2.12/0.9.3/circe-numbers_2.12-0.9.3.jar:/home/nasejevs/snap/code/common/.cache/coursier/v1/https/repo1.maven.org/maven2/org/scala-lang/scala-reflect/2.12.8/scala-reflect-2.12.8.jar:/home/nasejevs/snap/code/common/.cache/coursier/v1/https/repo1.maven.org/maven2/org/typelevel/machinist_2.12/0.6.2/machinist_2.12-0.6.2.jar:/home/nasejevs/snap/code/common/.cache/coursier/v1/https/repo1.maven.org/maven2/org/typelevel/cats-macros_2.12/1.1.0/cats-macros_2.12-1.1.0.jar:/home/nasejevs/snap/code/common/.cache/coursier/v1/https/repo1.maven.org/maven2/org/typelevel/cats-kernel_2.12/1.1.0/cats-kernel_2.12-1.1.0.jar:/home/nasejevs/snap/code/common/.cache/coursier/v1/https/repo1.maven.org/maven2/org/typelevel/cats-core_2.12/1.1.0/cats-core_2.12-1.1.0.jar:/home/nasejevs/snap/code/common/.cache/coursier/v1/https/repo1.maven.org/maven2/io/circe/circe-core_2.12/0.9.3/circe-core_2.12-0.9.3.jar:/home/nasejevs/snap/code/common/.cache/coursier/v1/https/repo1.maven.org/maven2/io/circe/circe-derivation_2.12/0.9.0-M4/circe-derivation_2.12-0.9.0-M4.jar:/home/nasejevs/snap/code/common/.cache/coursier/v1/https/repo1.maven.org/maven2/com/outr/scribe-macros_2.12/2.5.0/scribe-macros_2.12-2.5.0.jar:/home/nasejevs/snap/code/common/.cache/coursier/v1/https/repo1.maven.org/maven2/com/outr/perfolation-macros_2.12/1.0.2/perfolation-macros_2.12-1.0.2.jar:/home/nasejevs/snap/code/common/.cache/coursier/v1/https/repo1.maven.org/maven2/com/outr/perfolation_2.12/1.0.2/perfolation_2.12-1.0.2.jar:/home/nasejevs/snap/code/common/.cache/coursier/v1/https/repo1.maven.org/maven2/com/outr/scribe_2.12/2.5.0/scribe_2.12-2.5.0.jar:/home/nasejevs/snap/code/common/.cache/coursier/v1/https/repo1.maven.org/maven2/org/spire-math/jawn-parser_2.12/0.11.1/jawn-parser_2.12-0.11.1.jar:/home/nasejevs/snap/code/common/.cache/coursier/v1/https/repo1.maven.org/maven2/io/circe/circe-jawn_2.12/0.9.3/circe-jawn_2.12-0.9.3.jar:/home/nasejevs/snap/code/common/.cache/coursier/v1/https/repo1.maven.org/maven2/io/circe/circe-parser_2.12/0.9.3/circe-parser_2.12-0.9.3.jar:/home/nasejevs/snap/code/common/.cache/coursier/v1/https/repo1.maven.org/maven2/io/monix/monix-types_2.12/2.3.3/monix-types_2.12-2.3.3.jar:/home/nasejevs/snap/code/common/.cache/coursier/v1/https/repo1.maven.org/maven2/org/reactivestreams/reactive-streams/1.0.0/reactive-streams-1.0.0.jar:/home/nasejevs/snap/code/common/.cache/coursier/v1/https/repo1.maven.org/maven2/io/monix/monix-execution_2.12/2.3.3/monix-execution_2.12-2.3.3.jar:/home/nasejevs/snap/code/common/.cache/coursier/v1/https/repo1.maven.org/maven2/io/monix/monix-eval_2.12/2.3.3/monix-eval_2.12-2.3.3.jar:/home/nasejevs/snap/code/common/.cache/coursier/v1/https/repo1.maven.org/maven2/org/jctools/jctools-core/2.0.1/jctools-core-2.0.1.jar:/home/nasejevs/snap/code/common/.cache/coursier/v1/https/repo1.maven.org/maven2/io/monix/monix-reactive_2.12/2.3.3/monix-reactive_2.12-2.3.3.jar:/home/nasejevs/snap/code/common/.cache/coursier/v1/https/repo1.maven.org/maven2/io/monix/monix_2.12/2.3.3/monix_2.12-2.3.3.jar:/home/nasejevs/snap/code/common/.cache/coursier/v1/https/repo1.maven.org/maven2/org/scalameta/jsonrpc_2.12/0.2.0/jsonrpc_2.12-0.2.0.jar:/home/nasejevs/snap/code/common/.cache/coursier/v1/https/repo1.maven.org/maven2/com/beachape/enumeratum-macros_2.12/1.5.9/enumeratum-macros_2.12-1.5.9.jar:/home/nasejevs/snap/code/common/.cache/coursier/v1/https/repo1.maven.org/maven2/com/beachape/enumeratum_2.12/1.5.13/enumeratum_2.12-1.5.13.jar:/home/nasejevs/snap/code/common/.cache/coursier/v1/https/repo1.maven.org/maven2/com/beachape/enumeratum-circe_2.12/1.5.17/enumeratum-circe_2.12-1.5.17.jar:/home/nasejevs/snap/code/common/.cache/coursier/v1/https/repo1.maven.org/maven2/org/scalameta/lsp4s_2.12/0.2.0/lsp4s_2.12-0.2.0.jar:/home/nasejevs/snap/code/common/.cache/coursier/v1/https/repo1.maven.org/maven2/ch/epfl/scala/bsp4s_2.12/2.0.0-M4%2B10-61e61e87/bsp4s_2.12-2.0.0-M4%2B10-61e61e87.jar:/home/nasejevs/snap/code/common/.cache/coursier/v1/https/repo1.maven.org/maven2/com/google/protobuf/protobuf-java/3.7.0/protobuf-java-3.7.0.jar:/home/nasejevs/snap/code/common/.cache/coursier/v1/https/repo1.maven.org/maven2/org/scala-sbt/util-interface/1.2.2/util-interface-1.2.2.jar:/home/nasejevs/snap/code/common/.cache/coursier/v1/https/repo1.maven.org/maven2/ch/epfl/scala/compiler-interface/1.3.0-M4%2B32-b1accb96/compiler-interface-1.3.0-M4%2B32-b1accb96.jar:/home/nasejevs/snap/code/common/.cache/coursier/v1/https/repo1.maven.org/maven2/ch/epfl/scala/compiler-bridge_2.12/1.3.0-M4%2B32-b1accb96/compiler-bridge_2.12-1.3.0-M4%2B32-b1accb96.jar:/home/nasejevs/snap/code/common/.cache/coursier/v1/https/repo1.maven.org/maven2/com/swoval/apple-file-events/1.3.2/apple-file-events-1.3.2.jar:/home/nasejevs/snap/code/common/.cache/coursier/v1/https/repo1.maven.org/maven2/org/scala-sbt/io_2.12/1.2.0/io_2.12-1.2.0.jar:/home/nasejevs/snap/code/common/.cache/coursier/v1/https/repo1.maven.org/maven2/com/eed3si9n/sjson-new-core_2.12/0.8.2/sjson-new-core_2.12-0.8.2.jar:/home/nasejevs/snap/code/common/.cache/coursier/v1/https/repo1.maven.org/maven2/jline/jline/2.14.4/jline-2.14.4.jar:/home/nasejevs/snap/code/common/.cache/coursier/v1/https/repo1.maven.org/maven2/org/apache/logging/log4j/log4j-api/2.8.1/log4j-api-2.8.1.jar:/home/nasejevs/snap/code/common/.cache/coursier/v1/https/repo1.maven.org/maven2/org/apache/logging/log4j/log4j-core/2.8.1/log4j-core-2.8.1.jar:/home/nasejevs/snap/code/common/.cache/coursier/v1/https/repo1.maven.org/maven2/com/lmax/disruptor/3.3.6/disruptor-3.3.6.jar:/home/nasejevs/snap/code/common/.cache/coursier/v1/https/repo1.maven.org/maven2/com/eed3si9n/shaded-scalajson_2.12/1.0.0-M4/shaded-scalajson_2.12-1.0.0-M4.jar:/home/nasejevs/snap/code/common/.cache/coursier/v1/https/repo1.maven.org/maven2/com/eed3si9n/sjson-new-scalajson_2.12/0.8.2/sjson-new-scalajson_2.12-0.8.2.jar:/home/nasejevs/snap/code/common/.cache/coursier/v1/https/repo1.maven.org/maven2/org/scala-sbt/util-logging_2.12/1.2.2/util-logging_2.12-1.2.2.jar:/home/nasejevs/snap/code/common/.cache/coursier/v1/https/repo1.maven.org/maven2/ch/epfl/scala/zinc-classfile_2.12/1.3.0-M4%2B32-b1accb96/zinc-classfile_2.12-1.3.0-M4%2B32-b1accb96.jar:/home/nasejevs/snap/code/common/.cache/coursier/v1/https/repo1.maven.org/maven2/ch/epfl/scala/zinc-apiinfo_2.12/1.3.0-M4%2B32-b1accb96/zinc-apiinfo_2.12-1.3.0-M4%2B32-b1accb96.jar:/home/nasejevs/snap/code/common/.cache/coursier/v1/https/repo1.maven.org/maven2/org/scala-lang/modules/scala-xml_2.12/1.2.0/scala-xml_2.12-1.2.0.jar:/home/nasejevs/snap/code/common/.cache/coursier/v1/https/repo1.maven.org/maven2/org/scala-lang/scala-compiler/2.12.8/scala-compiler-2.12.8.jar:/home/nasejevs/snap/code/common/.cache/coursier/v1/https/repo1.maven.org/maven2/org/scala-sbt/launcher-interface/1.0.0/launcher-interface-1.0.0.jar:/home/nasejevs/snap/code/common/.cache/coursier/v1/https/repo1.maven.org/maven2/ch/epfl/scala/zinc-classpath_2.12/1.3.0-M4%2B32-b1accb96/zinc-classpath_2.12-1.3.0-M4%2B32-b1accb96.jar:/home/nasejevs/snap/code/common/.cache/coursier/v1/https/repo1.maven.org/maven2/com/thesamet/scalapb/lenses_2.12/0.8.0-RC1/lenses_2.12-0.8.0-RC1.jar:/home/nasejevs/snap/code/common/.cache/coursier/v1/https/repo1.maven.org/maven2/com/lihaoyi/sourcecode_2.12/0.1.4/sourcecode_2.12-0.1.4.jar:/home/nasejevs/snap/code/common/.cache/coursier/v1/https/repo1.maven.org/maven2/com/lihaoyi/fastparse-utils_2.12/1.0.0/fastparse-utils_2.12-1.0.0.jar:/home/nasejevs/snap/code/common/.cache/coursier/v1/https/repo1.maven.org/maven2/com/lihaoyi/fastparse_2.12/1.0.0/fastparse_2.12-1.0.0.jar:/home/nasejevs/snap/code/common/.cache/coursier/v1/https/repo1.maven.org/maven2/com/thesamet/scalapb/scalapb-runtime_2.12/0.8.0-RC1/scalapb-runtime_2.12-0.8.0-RC1.jar:/home/nasejevs/snap/code/common/.cache/coursier/v1/https/repo1.maven.org/maven2/org/scala-sbt/util-relation_2.12/1.2.2/util-relation_2.12-1.2.2.jar:/home/nasejevs/snap/code/common/.cache/coursier/v1/https/repo1.maven.org/maven2/ch/epfl/scala/zinc-core_2.12/1.3.0-M4%2B32-b1accb96/zinc-core_2.12-1.3.0-M4%2B32-b1accb96.jar:/home/nasejevs/snap/code/common/.cache/coursier/v1/https/repo1.maven.org/maven2/org/scala-sbt/sbinary_2.12/0.5.0/sbinary_2.12-0.5.0.jar:/home/nasejevs/snap/code/common/.cache/coursier/v1/https/repo1.maven.org/maven2/ch/epfl/scala/zinc-persist_2.12/1.3.0-M4%2B32-b1accb96/zinc-persist_2.12-1.3.0-M4%2B32-b1accb96.jar:/home/nasejevs/snap/code/common/.cache/coursier/v1/https/repo1.maven.org/maven2/org/scala-lang/modules/scala-parser-combinators_2.12/1.0.5/scala-parser-combinators_2.12-1.0.5.jar:/home/nasejevs/snap/code/common/.cache/coursier/v1/https/repo1.maven.org/maven2/org/scala-sbt/util-control_2.12/1.2.2/util-control_2.12-1.2.2.jar:/home/nasejevs/snap/code/common/.cache/coursier/v1/https/repo1.maven.org/maven2/ch/epfl/scala/zinc-compile-core_2.12/1.3.0-M4%2B32-b1accb96/zinc-compile-core_2.12-1.3.0-M4%2B32-b1accb96.jar:/home/nasejevs/snap/code/common/.cache/coursier/v1/https/repo1.maven.org/maven2/ch/epfl/scala/zinc_2.12/1.3.0-M4%2B32-b1accb96/zinc_2.12-1.3.0-M4%2B32-b1accb96.jar:/home/nasejevs/snap/code/common/.cache/coursier/v1/https/repo1.maven.org/maven2/net/jpountz/lz4/lz4/1.3.0/lz4-1.3.0.jar:/home/nasejevs/snap/code/common/.cache/coursier/v1/https/repo1.maven.org/maven2/io/github/soc/directories/10/directories-10.jar:/home/nasejevs/snap/code/common/.cache/coursier/v1/https/repo1.maven.org/maven2/org/scala-sbt/test-interface/1.0/test-interface-1.0.jar:/home/nasejevs/snap/code/common/.cache/coursier/v1/https/repo1.maven.org/maven2/org/scala-sbt/test-agent/1.2.8/test-agent-1.2.8.jar:/home/nasejevs/snap/code/common/.cache/coursier/v1/https/repo1.maven.org/maven2/ch/epfl/scala/bloop-shared_2.12/1.4.0-RC1/bloop-shared_2.12-1.4.0-RC1.jar:/home/nasejevs/snap/code/common/.cache/coursier/v1/https/repo1.maven.org/maven2/com/googlecode/java-diff-utils/diffutils/1.3.0/diffutils-1.3.0.jar:/home/nasejevs/snap/code/common/.cache/coursier/v1/https/repo1.maven.org/maven2/com/lihaoyi/fansi_2.12/0.2.5/fansi_2.12-0.2.5.jar:/home/nasejevs/snap/code/common/.cache/coursier/v1/https/repo1.maven.org/maven2/com/lihaoyi/pprint_2.12/0.5.3/pprint_2.12-0.5.3.jar:/home/nasejevs/snap/code/common/.cache/coursier/v1/https/repo1.maven.org/maven2/org/apache/commons/commons-lang3/3.6/commons-lang3-3.6.jar:/home/nasejevs/snap/code/common/.cache/coursier/v1/https/repo1.maven.org/maven2/com/google/code/gson/gson/2.7/gson-2.7.jar:/home/nasejevs/snap/code/common/.cache/coursier/v1/https/repo1.maven.org/maven2/io/reactivex/rxjava2/rxjava/2.1.1/rxjava-2.1.1.jar:/home/nasejevs/snap/code/common/.cache/coursier/v1/https/repo1.maven.org/maven2/commons-io/commons-io/2.5/commons-io-2.5.jar:/home/nasejevs/snap/code/common/.cache/coursier/v1/https/repo1.maven.org/maven2/ch/epfl/scala/com-microsoft-java-debug-core/0.21.0%2B1-7f1080f1/com-microsoft-java-debug-core-0.21.0%2B1-7f1080f1.jar:/home/nasejevs/snap/code/common/.cache/coursier/v1/https/repo1.maven.org/maven2/org/slf4j/slf4j-api/1.7.26/slf4j-api-1.7.26.jar:/home/nasejevs/snap/code/common/.cache/coursier/v1/https/repo1.maven.org/maven2/ch/epfl/scala/nailgun-server/ee3c4343/nailgun-server-ee3c4343.jar:/home/nasejevs/snap/code/common/.cache/coursier/v1/https/repo1.maven.org/maven2/org/scalaz/scalaz-core_2.12/7.2.20/scalaz-core_2.12-7.2.20.jar:/home/nasejevs/snap/code/common/.cache/coursier/v1/https/repo1.maven.org/maven2/org/scalaz/scalaz-effect_2.12/7.2.20/scalaz-effect_2.12-7.2.20.jar:/home/nasejevs/snap/code/common/.cache/coursier/v1/https/repo1.maven.org/maven2/org/scalaz/scalaz-concurrent_2.12/7.2.20/scalaz-concurrent_2.12-7.2.20.jar:/home/nasejevs/snap/code/common/.cache/coursier/v1/https/repo1.maven.org/maven2/io/get-coursier/coursier-util_2.12/2.0.0-RC3-4/coursier-util_2.12-2.0.0-RC3-4.jar:/home/nasejevs/snap/code/common/.cache/coursier/v1/https/repo1.maven.org/maven2/io/get-coursier/coursier-core_2.12/2.0.0-RC3-4/coursier-core_2.12-2.0.0-RC3-4.jar:/home/nasejevs/snap/code/common/.cache/coursier/v1/https/repo1.maven.org/maven2/io/get-coursier/coursier-cache_2.12/2.0.0-RC3-4/coursier-cache_2.12-2.0.0-RC3-4.jar:/home/nasejevs/snap/code/common/.cache/coursier/v1/https/repo1.maven.org/maven2/io/argonaut/argonaut_2.12/6.2.3/argonaut_2.12-6.2.3.jar:/home/nasejevs/snap/code/common/.cache/coursier/v1/https/repo1.maven.org/maven2/org/typelevel/macro-compat_2.12/1.1.1/macro-compat_2.12-1.1.1.jar:/home/nasejevs/snap/code/common/.cache/coursier/v1/https/repo1.maven.org/maven2/com/chuusai/shapeless_2.12/2.3.3/shapeless_2.12-2.3.3.jar:/home/nasejevs/snap/code/common/.cache/coursier/v1/https/repo1.maven.org/maven2/com/github/alexarchambault/argonaut-shapeless_6.2_2.12/1.2.0-M11/argonaut-shapeless_6.2_2.12-1.2.0-M11.jar:/home/nasejevs/snap/code/common/.cache/coursier/v1/https/repo1.maven.org/maven2/io/get-coursier/coursier_2.12/2.0.0-RC3-4/coursier_2.12-2.0.0-RC3-4.jar:/home/nasejevs/snap/code/common/.cache/coursier/v1/https/repo1.maven.org/maven2/com/jcraft/jsch/0.1.46/jsch-0.1.46.jar:/home/nasejevs/snap/code/common/.cache/coursier/v1/https/repo1.maven.org/maven2/com/typesafe/config/1.2.0/config-1.2.0.jar:/home/nasejevs/snap/code/common/.cache/coursier/v1/https/repo1.maven.org/maven2/com/typesafe/ssl-config-core_2.12/0.2.2/ssl-config-core_2.12-0.2.2.jar:/home/nasejevs/snap/code/common/.cache/coursier/v1/https/repo1.maven.org/maven2/com/eed3si9n/gigahorse-core_2.12/0.3.0/gigahorse-core_2.12-0.3.0.jar:/home/nasejevs/snap/code/common/.cache/coursier/v1/https/repo1.maven.org/maven2/com/squareup/okio/okio/1.12.0/okio-1.12.0.jar:/home/nasejevs/snap/code/common/.cache/coursier/v1/https/repo1.maven.org/maven2/com/squareup/okhttp3/okhttp/3.7.0/okhttp-3.7.0.jar:/home/nasejevs/snap/code/common/.cache/coursier/v1/https/repo1.maven.org/maven2/com/eed3si9n/gigahorse-okhttp_2.12/0.3.0/gigahorse-okhttp_2.12-0.3.0.jar:/home/nasejevs/snap/code/common/.cache/coursier/v1/https/repo1.maven.org/maven2/com/squareup/okhttp3/okhttp-urlconnection/3.7.0/okhttp-urlconnection-3.7.0.jar:/home/nasejevs/snap/code/common/.cache/coursier/v1/https/repo1.maven.org/maven2/org/scala-sbt/util-position_2.12/1.0.0/util-position_2.12-1.0.0.jar:/home/nasejevs/snap/code/common/.cache/coursier/v1/https/repo1.maven.org/maven2/com/eed3si9n/sjson-new-murmurhash_2.12/0.8.0/sjson-new-murmurhash_2.12-0.8.0.jar:/home/nasejevs/snap/code/common/.cache/coursier/v1/https/repo1.maven.org/maven2/org/scala-sbt/util-cache_2.12/1.0.0/util-cache_2.12-1.0.0.jar:/home/nasejevs/snap/code/common/.cache/coursier/v1/https/repo1.maven.org/maven2/org/scala-sbt/librarymanagement-core_2.12/1.0.0/librarymanagement-core_2.12-1.0.0.jar:/home/nasejevs/snap/code/common/.cache/coursier/v1/https/repo1.maven.org/maven2/org/scala-sbt/ivy/ivy/2.3.0-sbt-a3314352b638afbf0dca19f127e8263ed6f898bd/ivy-2.3.0-sbt-a3314352b638afbf0dca19f127e8263ed6f898bd.jar:/home/nasejevs/snap/code/common/.cache/coursier/v1/https/repo1.maven.org/maven2/org/scala-sbt/librarymanagement-ivy_2.12/1.0.0/librarymanagement-ivy_2.12-1.0.0.jar:/home/nasejevs/snap/code/common/.cache/coursier/v1/https/repo1.maven.org/maven2/ch/epfl/scala/directory-watcher/0.8.0%2B6-f651bd93/directory-watcher-0.8.0%2B6-f651bd93.jar:/home/nasejevs/snap/code/common/.cache/coursier/v1/https/repo1.maven.org/maven2/org/zeroturnaround/zt-zip/1.13/zt-zip-1.13.jar:/home/nasejevs/snap/code/common/.cache/coursier/v1/https/repo1.maven.org/maven2/io/zipkin/zipkin2/zipkin/2.12.1/zipkin-2.12.1.jar:/home/nasejevs/snap/code/common/.cache/coursier/v1/https/repo1.maven.org/maven2/io/zipkin/reporter2/zipkin-reporter/2.7.15/zipkin-reporter-2.7.15.jar:/home/nasejevs/snap/code/common/.cache/coursier/v1/https/repo1.maven.org/maven2/io/zipkin/brave/brave/5.6.1/brave-5.6.1.jar:/home/nasejevs/snap/code/common/.cache/coursier/v1/https/repo1.maven.org/maven2/io/zipkin/reporter2/zipkin-sender-urlconnection/2.7.15/zipkin-sender-urlconnection-2.7.15.jar:/home/nasejevs/snap/code/common/.cache/coursier/v1/https/repo1.maven.org/maven2/org/ow2/asm/asm/7.0/asm-7.0.jar:/home/nasejevs/snap/code/common/.cache/coursier/v1/https/repo1.maven.org/maven2/org/ow2/asm/asm-tree/7.0/asm-tree-7.0.jar:/home/nasejevs/snap/code/common/.cache/coursier/v1/https/repo1.maven.org/maven2/org/ow2/asm/asm-analysis/7.0/asm-analysis-7.0.jar:/home/nasejevs/snap/code/common/.cache/coursier/v1/https/repo1.maven.org/maven2/org/ow2/asm/asm-util/7.0/asm-util-7.0.jar:/home/nasejevs/snap/code/common/.cache/coursier/v1/https/repo1.maven.org/maven2/ch/epfl/scala/bloop-backend_2.12/1.4.0-RC1/bloop-backend_2.12-1.4.0-RC1.jar:/home/nasejevs/snap/code/common/.cache/coursier/v1/https/repo1.maven.org/maven2/com/github/plokhotnyuk/jsoniter-scala/jsoniter-scala-core_2.12/2.0.4/jsoniter-scala-core_2.12-2.0.4.jar:/home/nasejevs/snap/code/common/.cache/coursier/v1/https/repo1.maven.org/maven2/ch/epfl/scala/bloop-config_2.12/1.4.0-RC1/bloop-config_2.12-1.4.0-RC1.jar:/home/nasejevs/snap/code/common/.cache/coursier/v1/https/repo1.maven.org/maven2/ch/epfl/scala/case-app-annotations_2.12/1.2.0-faster-compile-time/case-app-annotations_2.12-1.2.0-faster-compile-time.jar:/home/nasejevs/snap/code/common/.cache/coursier/v1/https/repo1.maven.org/maven2/ch/epfl/scala/case-app-util_2.12/1.2.0-faster-compile-time/case-app-util_2.12-1.2.0-faster-compile-time.jar:/home/nasejevs/snap/code/common/.cache/coursier/v1/https/repo1.maven.org/maven2/ch/epfl/scala/case-app_2.12/1.2.0-faster-compile-time/case-app_2.12-1.2.0-faster-compile-time.jar:/home/nasejevs/snap/code/common/.cache/coursier/v1/https/repo1.maven.org/maven2/com/zaxxer/nuprocess/1.2.4/nuprocess-1.2.4.jar:/home/nasejevs/snap/code/common/.cache/coursier/v1/https/repo1.maven.org/maven2/ch/epfl/scala/bloop-frontend_2.12/1.4.0-RC1/bloop-frontend_2.12-1.4.0-RC1.jar, bloop.Server, 8212)
Attempting a connection to the server...
Attempting a connection to the server...
Attempting a connection to the server...
Attempting a connection to the server...
Attempting a connection to the server...
Attempting a connection to the server...
[0m[32m[D][0m Loading 2 projects from '/home/nasejevs/cool-game/.bloop'...
[0m[32m[D][0m Loading project from '/home/nasejevs/cool-game/.bloop/cool-game.json'
[0m[32m[D][0m Loading project from '/home/nasejevs/cool-game/.bloop/cool-game-test.json'
[0m[32m[D][0m Cache miss for scala instance org.scala-lang:scala-compiler:2.12.10.
[0m[32m[D][0m   => /home/nasejevs/.sbt/boot/scala-2.12.10/lib/jansi.jar
[0m[32m[D][0m   => /home/nasejevs/.sbt/boot/scala-2.12.10/lib/jline.jar
[0m[32m[D][0m   => /home/nasejevs/.sbt/boot/scala-2.12.10/lib/scala-compiler.jar
[0m[32m[D][0m   => /home/nasejevs/.sbt/boot/scala-2.12.10/lib/scala-library.jar
[0m[32m[D][0m   => /home/nasejevs/.sbt/boot/scala-2.12.10/lib/scala-reflect.jar
[0m[32m[D][0m   => /home/nasejevs/.sbt/boot/scala-2.12.10/lib/scala-xml_2.12.jar
[0m[32m[D][0m Missing analysis file for project 'cool-game-test'
[0m[32m[D][0m Missing analysis file for project 'cool-game'
[0m[32m[D][0m Waiting for a connection at local:///tmp/bsp-launcher2994431656768075725/bsp.socket...
The server is listening for incoming connections at local:///tmp/bsp-launcher2994431656768075725/bsp.socket...
Starting thread that pumps stdin and redirects it to the bsp server...
Starting thread that pumps server stdout and redirects it to the client stdout...
INFO  tracing is disabled for protocol BSP, to enable tracing of incoming and outgoing JSON messages create an empty file at /home/nasejevs/snap/code/common/.cache/metals/bsp.trace.json
INFO  time: connected to build server in 4.94s
INFO  Connected to Build server v1.4.0-RC1
INFO  time: imported build in 0.17s
WARN  Could not find java sources in None. Java symbols will not be available.
WARN  no build target for: /home/nasejevs/cool-game/src/scala/Main.scala
INFO  time: indexed workspace in 1.67s
WARN  no build target for: /home/nasejevs/cool-game/src/scala/Texture.scala
  /home/nasejevs/cool-game/src/scala/Main.scala
WARN  no build target for: /home/nasejevs/cool-game/src/scala/Main.scala
WARN  no build target for: /home/nasejevs/cool-game/src/scala/Main.scala
INFO  shutting down Metals
No more data in the client stdin, exiting...
No more data in the server stdin, exiting...
No more data in the server stdin, exiting...
INFO  started: Metals version 0.8.0 in workspace '/home/nasejevs/cool-game'
INFO  time: initialize in 0.68s
Starting the bsp launcher for bloop...
Opening a bsp server connection with 'bsp --protocol local --socket /tmp/bsp-launcher7208646346460166527/bsp.socket'...
Waiting for the bsp connection to come up...
INFO  skipping build import with status 'Installed'
[0m[32m[D][0m Loading workspace settings from bloop.settings.json
[0m[32m[D][0m Waiting for a connection at local:///tmp/bsp-launcher7208646346460166527/bsp.socket...
The server is listening for incoming connections at local:///tmp/bsp-launcher7208646346460166527/bsp.socket...
Starting thread that pumps stdin and redirects it to the bsp server...
Starting thread that pumps server stdout and redirects it to the client stdout...
INFO  tracing is disabled for protocol BSP, to enable tracing of incoming and outgoing JSON messages create an empty file at /home/nasejevs/snap/code/common/.cache/metals/bsp.trace.json
INFO  time: connected to build server in 0.58s
INFO  Connected to Build server v1.4.0-RC1
INFO  time: imported build in 0.12s
WARN  Could not find java sources in None. Java symbols will not be available.
WARN  no build target for: /home/nasejevs/cool-game/src/scala/Main.scala
INFO  time: indexed workspace in 0.74s
WARN  no build target for: /home/nasejevs/cool-game/src/scala/Texture.scala
  /home/nasejevs/cool-game/src/scala/Main.scala
WARN  no build target for: /home/nasejevs/cool-game/src/scala/Texture.scala
Feb 04, 2020 2:45:52 AM org.eclipse.lsp4j.jsonrpc.RemoteEndpoint handleCancellation
WARNING: Unmatched cancel notification for request id 3
INFO  running '/usr/lib/jvm/java-8-openjdk-amd64/jre/bin/java -Djline.terminal=jline.UnsupportedTerminal -Dsbt.log.noformat=true -Dfile.encoding=UTF-8 -jar /tmp/metals6040213757710726026/sbt-launch.jar set bloopExportJarClassifiers in Global := Some(Set("sources")) bloopInstall'
INFO  [info] Loading settings for project cool-game-build from metals.sbt ...
INFO  [info] Loading project definition from /home/nasejevs/cool-game/project
INFO  [info] Set current project to cool-game (in build file:/home/nasejevs/cool-game/)
INFO  [info] Defining Global / bloopExportJarClassifiers
INFO  [info] The new value will be used by ThisBuild / bloopExportJarClassifiers
INFO  [info] Reapplying settings...
INFO  [info] Set current project to cool-game (in build file:/home/nasejevs/cool-game/)
INFO  [success] Generated .bloop/cool-game.json
INFO  [success] Generated .bloop/cool-game-test.json
INFO  [success] Total time: 1 s, completed Feb 4, 2020 2:46:14 AM
INFO  time: ran 'sbt bloopInstall' in 13s
INFO  build tool exit: 0
INFO  disconnected: build server
No more data in the server stdin, exiting...
No more data in the server stdin, exiting...
No more data in the client stdin, exiting...
Starting the bsp launcher for bloop...
Opening a bsp server connection with 'bsp --protocol local --socket /tmp/bsp-launcher6160554546434004845/bsp.socket'...
Waiting for the bsp connection to come up...
[0m[32m[D][0m Loading workspace settings from bloop.settings.json
[0m[32m[D][0m Waiting for a connection at local:///tmp/bsp-launcher6160554546434004845/bsp.socket...
The server is listening for incoming connections at local:///tmp/bsp-launcher6160554546434004845/bsp.socket...
Starting thread that pumps stdin and redirects it to the bsp server...
Starting thread that pumps server stdout and redirects it to the client stdout...
INFO  tracing is disabled for protocol BSP, to enable tracing of incoming and outgoing JSON messages create an empty file at /home/nasejevs/snap/code/common/.cache/metals/bsp.trace.json
INFO  time: connected to build server in 0.12s
INFO  Connected to Build server v1.4.0-RC1
WARN  Could not find java sources in None. Java symbols will not be available.
INFO  time: indexed workspace in 0.15s
WARN  no build target for: /home/nasejevs/cool-game/src/scala/Texture.scala
  /home/nasejevs/cool-game/src/scala/Main.scala
INFO  disconnected: build server
No more data in the client stdin, exiting...
Starting the bsp launcher for bloop...
Opening a bsp server connection with 'bsp --protocol local --socket /tmp/bsp-launcher6056185452156981307/bsp.socket'...
Waiting for the bsp connection to come up...
No more data in the server stdin, exiting...
No more data in the server stdin, exiting...
[0m[32m[D][0m Loading workspace settings from bloop.settings.json
[0m[32m[D][0m Waiting for a connection at local:///tmp/bsp-launcher6056185452156981307/bsp.socket...
The server is listening for incoming connections at local:///tmp/bsp-launcher6056185452156981307/bsp.socket...
Starting thread that pumps stdin and redirects it to the bsp server...
Starting thread that pumps server stdout and redirects it to the client stdout...
INFO  tracing is disabled for protocol BSP, to enable tracing of incoming and outgoing JSON messages create an empty file at /home/nasejevs/snap/code/common/.cache/metals/bsp.trace.json
INFO  Connected to Build server v1.4.0-RC1
WARN  Could not find java sources in None. Java symbols will not be available.
INFO  time: indexed workspace in 0.16s
WARN  no build target for: /home/nasejevs/cool-game/src/scala/Texture.scala
  /home/nasejevs/cool-game/src/scala/Main.scala
WARN  no build target for: /home/nasejevs/cool-game/src/scala/Texture.scala
  /home/nasejevs/cool-game/src/scala/Main.scala
INFO  compilation cancelled
INFO  no build target: using presentation compiler with only scala-library
WARN  no build target for: /home/nasejevs/cool-game/src/scala/Main.scala
INFO  running '/usr/lib/jvm/java-8-openjdk-amd64/jre/bin/java -Djline.terminal=jline.UnsupportedTerminal -Dsbt.log.noformat=true -Dfile.encoding=UTF-8 -jar /tmp/metals1239265000333793764/sbt-launch.jar set bloopExportJarClassifiers in Global := Some(Set("sources")) bloopInstall'
INFO  [info] Loading settings for project cool-game-build from metals.sbt ...
INFO  [info] Loading project definition from /home/nasejevs/cool-game/project
INFO  [info] Set current project to cool-game (in build file:/home/nasejevs/cool-game/)
INFO  [info] Defining Global / bloopExportJarClassifiers
INFO  [info] The new value will be used by ThisBuild / bloopExportJarClassifiers
INFO  [info] Reapplying settings...
INFO  [info] Set current project to cool-game (in build file:/home/nasejevs/cool-game/)
INFO  [success] Generated .bloop/cool-game.json
INFO  [success] Generated .bloop/cool-game-test.json
INFO  [success] Total time: 1 s, completed Feb 4, 2020 2:49:35 AM
INFO  build tool exit: 0
INFO  time: ran 'sbt bloopInstall' in 13s
INFO  disconnected: build server
No more data in the client stdin, exiting...
Starting the bsp launcher for bloop...
Opening a bsp server connection with 'bsp --protocol local --socket /tmp/bsp-launcher2621268434208689890/bsp.socket'...
Waiting for the bsp connection to come up...
No more data in the server stdin, exiting...
No more data in the server stdin, exiting...
[0m[32m[D][0m Loading workspace settings from bloop.settings.json
[0m[32m[D][0m Waiting for a connection at local:///tmp/bsp-launcher2621268434208689890/bsp.socket...
The server is listening for incoming connections at local:///tmp/bsp-launcher2621268434208689890/bsp.socket...
Starting thread that pumps stdin and redirects it to the bsp server...
Starting thread that pumps server stdout and redirects it to the client stdout...
INFO  tracing is disabled for protocol BSP, to enable tracing of incoming and outgoing JSON messages create an empty file at /home/nasejevs/snap/code/common/.cache/metals/bsp.trace.json
INFO  time: connected to build server in 0.12s
INFO  Connected to Build server v1.4.0-RC1
WARN  Could not find java sources in None. Java symbols will not be available.
INFO  time: indexed workspace in 0.19s
WARN  no build target for: /home/nasejevs/cool-game/src/scala/Texture.scala
  /home/nasejevs/cool-game/src/scala/Main.scala
INFO  shutting down Metals
No more data in the client stdin, exiting...
No more data in the server stdin, exiting...
No more data in the server stdin, exiting...
